# JRE version: OpenJDK Runtime Environment (8.0_151-b12) (build 1.8.0_151-8u151-b12-0ubuntu0.17.04.2-b12)
# Java VM: OpenJDK 64-Bit Server VM (25.151-b12 mixed mode linux-amd64 compressed oops)
Heap:
 garbage-first heap   total 266240K, used 182831K [0x00000000c0000000, 0x00000000c0100820, 0x0000000100000000)
  region size 1024K, 100 young (102400K), 12 survivors (12288K)
 Metaspace       used 130622K, capacity 143062K, committed 143204K, reserved 1173504K
  class space    used 14896K, capacity 18227K, committed 18328K, reserved 1048576K
GC Heap History (10 events):
Event: 26019.707 GC heap before
{Heap before GC invocations=289 (full 0):
 garbage-first heap   total 264192K, used 230381K [0x00000000c0000000, 0x00000000c0100810, 0x0000000100000000)
  region size 1024K, 145 young (148480K), 6 survivors (6144K)
 Metaspace       used 129575K, capacity 141640K, committed 141796K, reserved 1173504K
  class space    used 14778K, capacity 18134K, committed 18200K, reserved 1048576K
Event: 26019.735 GC heap after
Heap after GC invocations=290 (full 0):
 garbage-first heap   total 264192K, used 88573K [0x00000000c0000000, 0x00000000c0100810, 0x0000000100000000)
  region size 1024K, 7 young (7168K), 7 survivors (7168K)
 Metaspace       used 129575K, capacity 141640K, committed 141796K, reserved 1173504K
  class space    used 14778K, capacity 18134K, committed 18200K, reserved 1048576K
}
Event: 26038.864 GC heap before
{Heap before GC invocations=290 (full 0):
 garbage-first heap   total 264192K, used 250584K [0x00000000c0000000, 0x00000000c0100810, 0x0000000100000000)
  region size 1024K, 144 young (147456K), 7 survivors (7168K)
 Metaspace       used 129636K, capacity 141704K, committed 142052K, reserved 1173504K
  class space    used 14780K, capacity 18134K, committed 18200K, reserved 1048576K
Event: 26038.887 GC heap after
Heap after GC invocations=291 (full 0):
 garbage-first heap   total 266240K, used 91146K [0x00000000c0000000, 0x00000000c0100820, 0x0000000100000000)
  region size 1024K, 9 young (9216K), 9 survivors (9216K)
 Metaspace       used 129636K, capacity 141704K, committed 142052K, reserved 1173504K
  class space    used 14780K, capacity 18134K, committed 18200K, reserved 1048576K
}
Event: 26062.990 GC heap before
{Heap before GC invocations=291 (full 0):
 garbage-first heap   total 266240K, used 229386K [0x00000000c0000000, 0x00000000c0100820, 0x0000000100000000)
  region size 1024K, 144 young (147456K), 9 survivors (9216K)
 Metaspace       used 129710K, capacity 141782K, committed 142052K, reserved 1173504K
  class space    used 14781K, capacity 18135K, committed 18200K, reserved 1048576K
Event: 26063.011 GC heap after
Heap after GC invocations=292 (full 0):
 garbage-first heap   total 266240K, used 92186K [0x00000000c0000000, 0x00000000c0100820, 0x0000000100000000)
  region size 1024K, 10 young (10240K), 10 survivors (10240K)
 Metaspace       used 129710K, capacity 141782K, committed 142052K, reserved 1173504K
  class space    used 14781K, capacity 18135K, committed 18200K, reserved 1048576K
}
Event: 26092.437 GC heap before
{Heap before GC invocations=292 (full 0):
 garbage-first heap   total 266240K, used 228378K [0x00000000c0000000, 0x00000000c0100820, 0x0000000100000000)
  region size 1024K, 143 young (146432K), 10 survivors (10240K)
 Metaspace       used 129711K, capacity 141782K, committed 142052K, reserved 1173504K
  class space    used 14781K, capacity 18135K, committed 18200K, reserved 1048576K
Event: 26092.450 GC heap after
Heap after GC invocations=293 (full 0):
 garbage-first heap   total 266240K, used 91686K [0x00000000c0000000, 0x00000000c0100820, 0x0000000100000000)
  region size 1024K, 10 young (10240K), 10 survivors (10240K)
 Metaspace       used 129711K, capacity 141782K, committed 142052K, reserved 1173504K
  class space    used 14781K, capacity 18135K, committed 18200K, reserved 1048576K
}
Event: 26119.550 GC heap before
{Heap before GC invocations=293 (full 0):
 garbage-first heap   total 266240K, used 227878K [0x00000000c0000000, 0x00000000c0100820, 0x0000000100000000)
  region size 1024K, 143 young (146432K), 10 survivors (10240K)
 Metaspace       used 129761K, capacity 141846K, committed 142052K, reserved 1173504K
  class space    used 14781K, capacity 18135K, committed 18200K, reserved 1048576K
Event: 26119.566 GC heap after
Heap after GC invocations=294 (full 0):
 garbage-first heap   total 266240K, used 93743K [0x00000000c0000000, 0x00000000c0100820, 0x0000000100000000)
  region size 1024K, 12 young (12288K), 12 survivors (12288K)
 Metaspace       used 129761K, capacity 141846K, committed 142052K, reserved 1173504K
  class space    used 14781K, capacity 18135K, committed 18200K, reserved 1048576K
}

