# JRE version: OpenJDK Runtime Environment (8.0_151-b12) (build 1.8.0_151-8u151-b12-0ubuntu0.17.04.2-b12)
# Java VM: OpenJDK 64-Bit Server VM (25.151-b12 mixed mode linux-amd64 compressed oops)
Heap:
 garbage-first heap   total 265216K, used 127591K [0x00000000c0000000, 0x00000000c0100818, 0x0000000100000000)
  region size 1024K, 26 young (26624K), 5 survivors (5120K)
 Metaspace       used 129184K, capacity 141384K, committed 141736K, reserved 1173504K
  class space    used 14771K, capacity 18030K, committed 18136K, reserved 1048576K
GC Heap History (10 events):
Event: 8775.096 GC heap before
{Heap before GC invocations=186 (full 3):
 garbage-first heap   total 265216K, used 233245K [0x00000000c0000000, 0x00000000c0100818, 0x0000000100000000)
  region size 1024K, 129 young (132096K), 4 survivors (4096K)
 Metaspace       used 128318K, capacity 140402K, committed 140584K, reserved 1171456K
  class space    used 14665K, capacity 17908K, committed 18008K, reserved 1048576K
Event: 8775.110 GC heap after
Heap after GC invocations=187 (full 3):
 garbage-first heap   total 265216K, used 105874K [0x00000000c0000000, 0x00000000c0100818, 0x0000000100000000)
  region size 1024K, 4 young (4096K), 4 survivors (4096K)
 Metaspace       used 128318K, capacity 140402K, committed 140584K, reserved 1171456K
  class space    used 14665K, capacity 17908K, committed 18008K, reserved 1048576K
}
Event: 8799.080 GC heap before
{Heap before GC invocations=187 (full 3):
 garbage-first heap   total 265216K, used 233874K [0x00000000c0000000, 0x00000000c0100818, 0x0000000100000000)
  region size 1024K, 129 young (132096K), 4 survivors (4096K)
 Metaspace       used 128331K, capacity 140466K, committed 140840K, reserved 1171456K
  class space    used 14665K, capacity 17908K, committed 18008K, reserved 1048576K
Event: 8799.093 GC heap after
Heap after GC invocations=188 (full 3):
 garbage-first heap   total 265216K, used 107081K [0x00000000c0000000, 0x00000000c0100818, 0x0000000100000000)
  region size 1024K, 5 young (5120K), 5 survivors (5120K)
 Metaspace       used 128331K, capacity 140466K, committed 140840K, reserved 1171456K
  class space    used 14665K, capacity 17908K, committed 18008K, reserved 1048576K
}
Event: 8820.042 GC heap before
{Heap before GC invocations=188 (full 3):
 garbage-first heap   total 265216K, used 232009K [0x00000000c0000000, 0x00000000c0100818, 0x0000000100000000)
  region size 1024K, 127 young (130048K), 5 survivors (5120K)
 Metaspace       used 128339K, capacity 140466K, committed 140840K, reserved 1171456K
  class space    used 14665K, capacity 17908K, committed 18008K, reserved 1048576K
Event: 8820.051 GC heap after
Heap after GC invocations=189 (full 3):
 garbage-first heap   total 265216K, used 105812K [0x00000000c0000000, 0x00000000c0100818, 0x0000000100000000)
  region size 1024K, 4 young (4096K), 4 survivors (4096K)
 Metaspace       used 128339K, capacity 140466K, committed 140840K, reserved 1171456K
  class space    used 14665K, capacity 17908K, committed 18008K, reserved 1048576K
}
Event: 9229.467 GC heap before
{Heap before GC invocations=189 (full 3):
 garbage-first heap   total 265216K, used 232788K [0x00000000c0000000, 0x00000000c0100818, 0x0000000100000000)
  region size 1024K, 128 young (131072K), 4 survivors (4096K)
 Metaspace       used 128348K, capacity 140466K, committed 140840K, reserved 1171456K
  class space    used 14665K, capacity 17908K, committed 18008K, reserved 1048576K
Event: 9229.477 GC heap after
Heap after GC invocations=190 (full 3):
 garbage-first heap   total 265216K, used 106501K [0x00000000c0000000, 0x00000000c0100818, 0x0000000100000000)
  region size 1024K, 4 young (4096K), 4 survivors (4096K)
 Metaspace       used 128348K, capacity 140466K, committed 140840K, reserved 1171456K
  class space    used 14665K, capacity 17908K, committed 18008K, reserved 1048576K
}
Event: 9240.193 GC heap before
{Heap before GC invocations=190 (full 3):
 garbage-first heap   total 265216K, used 233477K [0x00000000c0000000, 0x00000000c0100818, 0x0000000100000000)
  region size 1024K, 128 young (131072K), 4 survivors (4096K)
 Metaspace       used 128700K, capacity 140828K, committed 141096K, reserved 1173504K
  class space    used 14702K, capacity 17955K, committed 18008K, reserved 1048576K
Event: 9240.204 GC heap after
Heap after GC invocations=191 (full 3):
 garbage-first heap   total 265216K, used 107111K [0x00000000c0000000, 0x00000000c0100818, 0x0000000100000000)
  region size 1024K, 5 young (5120K), 5 survivors (5120K)
 Metaspace       used 128700K, capacity 140828K, committed 141096K, reserved 1173504K
  class space    used 14702K, capacity 17955K, committed 18008K, reserved 1048576K
}

